Traceback (most recent call last):
  File "demo_detectron2_deepsort.py", line 6, in <module>
    import cv2
ModuleNotFoundError: No module named 'cv2'
[5m[31mWARNING[0m [32m[06/11 23:29:32 d2.config.compat]: [0mConfig 'detectron2/configs/COCO-InstanceSegmentation/mask_rcnn_R_101_FPN_3x.yaml' has no VERSION. Assuming it to be compatible with latest v2.
Loading weights from deep_sort/deep/checkpoint/ckpt.t7... Done!
time: 5.4717698097229s, fps: 0.1827562260062694
time: 4.844610214233398s, fps: 0.20641495513137748
time: 4.757319450378418s, fps: 0.21020240713926738
time: 5.501084566116333s, fps: 0.1817823354615292
time: 5.267130613327026s, fps: 0.18985669302936495
time: 5.242232799530029s, fps: 0.19075841120402948
time: 5.284151315689087s, fps: 0.18924514841785783
time: 5.200585603713989s, fps: 0.1922860378042526
time: 4.996988296508789s, fps: 0.2001205407462457
time: 5.384377956390381s, fps: 0.18572247492640495
time: 5.355554103851318s, fps: 0.1867220423150751
time: 4.6074254512786865s, fps: 0.21704095065118692
time: 5.255962133407593s, fps: 0.19026012262224404
time: 5.5444395542144775s, fps: 0.1803608805221572
time: 5.312308073043823s, fps: 0.18824209482019447
time: 5.268823623657227s, fps: 0.18979568712643188
time: 5.2295591831207275s, fps: 0.19122070617876674
time: 5.8419189453125s, fps: 0.17117663037800113
time: 5.678370714187622s, fps: 0.17610685359120046
time: 5.340090036392212s, fps: 0.18726276021286045
time: 5.574863910675049s, fps: 0.17937657600666201
time: 5.582806587219238s, fps: 0.1791213763860829
time: 5.429104328155518s, fps: 0.18419244493312947
time: 4.888625860214233s, fps: 0.2045564599529769
time: 4.767031669616699s, fps: 0.2097741465351764
time: 5.126258134841919s, fps: 0.195074062541495
time: 4.733386754989624s, fps: 0.21126522123844327
time: 4.723106622695923s, fps: 0.21172505299683572
time: 4.9228880405426025s, fps: 0.20313279354810995
time: 4.503707647323608s, fps: 0.22203927925789413
time: 4.702921390533447s, fps: 0.21263379014008377
time: 4.843142986297607s, fps: 0.20647748844691052
time: 5.37952446937561s, fps: 0.18589003650652933
time: 5.097595453262329s, fps: 0.19617092199029365
time: 5.215105056762695s, fps: 0.19175069133137568
time: 5.403094291687012s, fps: 0.18507913170024826
time: 4.888128280639648s, fps: 0.20457728246631499
time: 4.785431146621704s, fps: 0.20896758711196886
time: 4.686239957809448s, fps: 0.21339069467271654
time: 4.949834585189819s, fps: 0.2020269531818408
time: 4.841130971908569s, fps: 0.20656330221236704
time: 4.823425531387329s, fps: 0.2073215380838225
time: 5.172096014022827s, fps: 0.19334521193898055
time: 4.965902805328369s, fps: 0.20137325259910624
time: 4.494600534439087s, fps: 0.22248918281784458
time: 4.999768495559692s, fps: 0.2000092606063866
time: 4.906035661697388s, fps: 0.20383056075340888
time: 4.983998775482178s, fps: 0.20064210387035153
time: 4.86505389213562s, fps: 0.20554756888027576
time: 5.336666584014893s, fps: 0.18738288859853744
time: 5.076083421707153s, fps: 0.1970022785133202
time: 5.054281711578369s, fps: 0.19785205041286003
time: 4.969512462615967s, fps: 0.20122698303358252
time: 5.143234014511108s, fps: 0.19443019648310816
time: 4.872148036956787s, fps: 0.20524827907827986
time: 5.1734209060668945s, fps: 0.19329569701689947
time: 4.913390398025513s, fps: 0.20352545167220143
time: 5.251653432846069s, fps: 0.1904162208697123
time: 5.2649781703948975s, fps: 0.18993431076752126
time: 4.9484641551971436s, fps: 0.20208290262136105
time: 5.091864824295044s, fps: 0.19639170215765644
time: 4.920287847518921s, fps: 0.20324014183524952
time: 5.128230810165405s, fps: 0.19499902344835102
time: 5.0439088344573975s, fps: 0.19825893623780688
time: 5.212100982666016s, fps: 0.19186120977427706
time: 4.893858432769775s, fps: 0.204337745714894
time: 5.168708086013794s, fps: 0.1934719437350193
time: 4.831158399581909s, fps: 0.20698969424942484
time: 5.066220998764038s, fps: 0.19738578325816447
time: 4.908153533935547s, fps: 0.20374260770081523
time: 4.881113767623901s, fps: 0.20487127479652956
time: 5.2365217208862305s, fps: 0.1909664569921348
time: 4.7734949588775635s, fps: 0.20949011334771356
time: 4.779598951339722s, fps: 0.20922257498606656
time: 5.458207845687866s, fps: 0.18321031889432854
time: 4.669423580169678s, fps: 0.2141591960615537
time: 4.816925525665283s, fps: 0.20760129976514144
time: 4.8456199169158936s, fps: 0.20637194355855978
time: 4.855973958969116s, fps: 0.20593191158963545
time: 4.877357482910156s, fps: 0.2050290558983865
time: 5.022720813751221s, fps: 0.19909527865100463
time: 5.0380589962005615s, fps: 0.19848914051108715
time: 5.046534299850464s, fps: 0.1981557917935149
time: 4.984278202056885s, fps: 0.20063085555443624
time: 4.793785810470581s, fps: 0.20860339604990302
time: 4.922731876373291s, fps: 0.203139237543997
time: 5.018550157546997s, fps: 0.19926073638940917
time: 4.9859538078308105s, fps: 0.2005634304973756
time: 4.966416835784912s, fps: 0.20135241021144695
time: 4.930285692214966s, fps: 0.20282800276240034
time: 4.795812129974365s, fps: 0.20851525724910855
time: 5.037165403366089s, fps: 0.19852435247247377
time: 5.022171258926392s, fps: 0.19911706479993152
time: 4.470959663391113s, fps: 0.2236656278042832
time: 4.9321582317352295s, fps: 0.20275099723395948
time: 5.066775560379028s, fps: 0.19736417926615116
time: 4.9550416469573975s, fps: 0.20181465086454758
time: 4.716534376144409s, fps: 0.21202008090047308
time: 4.592348098754883s, fps: 0.21775352793293884
time: 4.768660306930542s, fps: 0.2097025025134728
time: 4.757003307342529s, fps: 0.21021637686408165
time: 4.95126485824585s, fps: 0.20196859360787323
time: 4.525590896606445s, fps: 0.22096562036790796
time: 4.7212135791778564s, fps: 0.21180994742757184
time: 4.325717449188232s, fps: 0.23117552446419282
time: 4.967355966567993s, fps: 0.20131434242489213
time: 4.966109991073608s, fps: 0.20136485132175114
time: 5.095784425735474s, fps: 0.196240640587081
time: 4.685290575027466s, fps: 0.2134339341363343
time: 4.796562194824219s, fps: 0.20848265056983115
time: 4.9191858768463135s, fps: 0.20328567064457
time: 5.098191022872925s, fps: 0.19614800534415472
time: 4.8403942584991455s, fps: 0.20659474137754816
time: 5.5357606410980225s, fps: 0.1806436486028502
time: 5.21885347366333s, fps: 0.19161296730142885
time: 5.249691486358643s, fps: 0.19048738437268295
time: 5.059855937957764s, fps: 0.19763408529050247
time: 4.861251354217529s, fps: 0.20570835102620624
time: 4.839056015014648s, fps: 0.20665187526186818
time: 5.079919338226318s, fps: 0.19685351940039966
time: 5.427020072937012s, fps: 0.18426318431853833
time: 4.7754600048065186s, fps: 0.2094039106166728
time: 5.018249034881592s, fps: 0.1992726931344083
time: 4.977069854736328s, fps: 0.20092143152227815
time: 5.1740593910217285s, fps: 0.19327184410276524
time: 5.414352655410767s, fps: 0.184694286398331
time: 5.052276134490967s, fps: 0.1979305907634744
time: 5.295221567153931s, fps: 0.18884951032133654
time: 5.102109432220459s, fps: 0.19599736408726848
time: 5.327214956283569s, fps: 0.1877153462374327
time: 5.3861212730407715s, fps: 0.1856623624509374
time: 5.337058782577515s, fps: 0.18736911859851269
time: 5.064691066741943s, fps: 0.1974454091714795
time: 5.380457878112793s, fps: 0.18585778806445227
time: 5.207016468048096s, fps: 0.1920485571989866
time: 5.213148355484009s, fps: 0.19182266296873038
time: 5.432944297790527s, fps: 0.18406225891303185
time: 5.5800940990448s, fps: 0.17920844742944028
time: 5.156124114990234s, fps: 0.1939441289034785
time: 4.771952867507935s, fps: 0.2095578116055936
time: 4.727161884307861s, fps: 0.21154342171347437
time: 5.165427207946777s, fps: 0.19359482957412408
time: 5.251128435134888s, fps: 0.19043525831687502
time: 5.01865553855896s, fps: 0.19925655234093564
time: 5.30062198638916s, fps: 0.18865710525439874
time: 5.492859601974487s, fps: 0.18205453488025355
time: 5.009491443634033s, fps: 0.19962106158915213
time: 4.239049911499023s, fps: 0.2359019169100506
time: 4.7096641063690186s, fps: 0.2123293673210517
time: 5.096845626831055s, fps: 0.1961997818289322
time: 5.307086706161499s, fps: 0.18842729643723466
time: 5.288203477859497s, fps: 0.1891001365939817
time: 5.437658786773682s, fps: 0.18390267562068355
time: 5.545557260513306s, fps: 0.1803245288116344
time: 4.958306074142456s, fps: 0.20168178104514273
time: 5.3850061893463135s, fps: 0.1857008079170639
time: 5.640162706375122s, fps: 0.17729984967804063
time: 5.257155418395996s, fps: 0.1902169368059331
time: 4.894120931625366s, fps: 0.20432678594803216
time: 5.222324848175049s, fps: 0.19148559866961395
time: 4.866265296936035s, fps: 0.20549640000713354
time: 4.986999034881592s, fps: 0.20052139433063743
time: 4.956998825073242s, fps: 0.2017349681306863
time: 5.543453693389893s, fps: 0.18039295632475777
time: 5.0474348068237305s, fps: 0.19812043904917395
time: 5.011983633041382s, fps: 0.19952180079111273
time: 5.399740695953369s, fps: 0.1851940780692325
time: 5.126816749572754s, fps: 0.1950528073942443
time: 4.610338449478149s, fps: 0.21690381540496043
time: 4.729066371917725s, fps: 0.21145822903612185
time: 4.710695266723633s, fps: 0.21228288891111327
time: 5.076479196548462s, fps: 0.1969869197297032
time: 5.316326379776001s, fps: 0.18809981339823875
time: 5.467747688293457s, fps: 0.18289066303132775
time: 5.1888978481292725s, fps: 0.1927191533285869
time: 5.386915445327759s, fps: 0.1856349909607977
time: 5.160768985748291s, fps: 0.19376957247292945
time: 5.099743604660034s, fps: 0.19608828943600654
time: 5.281385183334351s, fps: 0.18934426581033043
time: 5.036476373672485s, fps: 0.19855151216977168
time: 5.0647406578063965s, fps: 0.19744347589815442
time: 4.6971964836120605s, fps: 0.2128929465669313
time: 4.691871881484985s, fps: 0.21313454954859046
time: 4.734070777893066s, fps: 0.21123469565975891
time: 4.866057395935059s, fps: 0.20550517978587068
time: 4.961626291275024s, fps: 0.20154681979142425
time: 4.912713289260864s, fps: 0.2035535031498762
time: 5.680087566375732s, fps: 0.17605362387715184
time: 5.410704612731934s, fps: 0.18481881225726113
time: 4.955665588378906s, fps: 0.20178924145830415
time: 4.723987579345703s, fps: 0.21168556927884752
time: 4.637079477310181s, fps: 0.2156529783224823
time: 4.698686599731445s, fps: 0.21282543084638914
time: 5.074147701263428s, fps: 0.1970774322850332
time: 4.971558332443237s, fps: 0.20114417515213123
time: 4.939499378204346s, fps: 0.20244966613671883
time: 5.18116307258606s, fps: 0.19300685695284878
time: 5.135148763656616s, fps: 0.19473632527987836
time: 4.883641004562378s, fps: 0.20476525589530098
time: 4.87187647819519s, fps: 0.20525971963280454
time: 5.129929304122925s, fps: 0.1949344602461285
time: 4.900036573410034s, fps: 0.2040801094070365
time: 4.863474369049072s, fps: 0.2056143250931791
time: 4.79590106010437s, fps: 0.20851139076214337
time: 4.95864200592041s, fps: 0.20166811776410598
time: 4.624197483062744s, fps: 0.21625373995439098
time: 4.9697794914245605s, fps: 0.20121617100427033
time: 5.051273822784424s, fps: 0.19796986563851887
time: 5.060633182525635s, fps: 0.19760373137752796
time: 4.937602281570435s, fps: 0.20252745016189191
time: 4.927307844161987s, fps: 0.20295058308257075
time: 4.983331918716431s, fps: 0.20066895328488826
time: 5.175318002700806s, fps: 0.1932248413485195
time: 4.94478964805603s, fps: 0.20223307181391123
time: 5.0058770179748535s, fps: 0.19976519527132805
time: 5.094299793243408s, fps: 0.19629783102406032
time: 4.983362197875977s, fps: 0.20066773401022767
time: 5.196920871734619s, fps: 0.1924216328631961
time: 5.390333652496338s, fps: 0.18551727304243704
time: 5.198173761367798s, fps: 0.1923752544464519
time: 5.122853517532349s, fps: 0.19520370757774363
time: 5.132188081741333s, fps: 0.19484866572947257
time: 5.221659898757935s, fps: 0.19150998329819754
time: 5.334247589111328s, fps: 0.18746786370420376
time: 4.888161659240723s, fps: 0.20457588551916464
time: 5.258067607879639s, fps: 0.19018393725128588
time: 5.15117621421814s, fps: 0.19413041961946995
time: 5.085567474365234s, fps: 0.19663488982118305
time: 5.073187351226807s, fps: 0.19711473887479797
time: 4.82757043838501s, fps: 0.20714353374293484
time: 5.156511545181274s, fps: 0.19392955707322973
time: 5.391888618469238s, fps: 0.18546377174310044
time: 5.325757026672363s, fps: 0.1877667334412399
time: 5.1164562702178955s, fps: 0.19544777619244907
time: 5.128841161727905s, fps: 0.1949758178245279
time: 4.760392189025879s, fps: 0.21006672565871728
time: 4.870176076889038s, fps: 0.205331385192705
time: 5.185384273529053s, fps: 0.1928497382739627
time: 5.045649766921997s, fps: 0.19819052970258597
time: 5.538172245025635s, fps: 0.18056498710349722
time: 4.933454513549805s, fps: 0.20269772372553257
time: 4.95126748085022s, fps: 0.20196848662845465
time: 5.239931344985962s, fps: 0.19084219509037842
time: 5.754551649093628s, fps: 0.17377548434333806
time: 5.503983020782471s, fps: 0.18168660699426278
time: 5.178406715393066s, fps: 0.1931095904513354
time: 5.5135228633880615s, fps: 0.1813722414466419
time: 5.365876197814941s, fps: 0.18636285354612053
time: 4.719785928726196s, fps: 0.21187401613146592
time: 5.184603929519653s, fps: 0.19287876443295615
time: 4.651984214782715s, fps: 0.2149620363762795
time: 4.731532573699951s, fps: 0.211348011331141
time: 4.550958871841431s, fps: 0.21973391282162372
time: 4.665485620498657s, fps: 0.21433995972601835
time: 4.982661485671997s, fps: 0.20069595393457337
time: 4.845614910125732s, fps: 0.20637215679486431
time: 4.423725843429565s, fps: 0.2260537916212126
time: 5.056872844696045s, fps: 0.1977506713558876
time: 5.009507417678833s, fps: 0.1996204250483678
time: 5.163677215576172s, fps: 0.19366043969276617
time: 4.735714673995972s, fps: 0.21116137031883409
time: 4.925192594528198s, fps: 0.2030377453890803
time: 4.912680387496948s, fps: 0.2035548664116349
time: 4.898010730743408s, fps: 0.20416451799978447
time: 4.938562631607056s, fps: 0.2024880667909218
time: 5.032817840576172s, fps: 0.19869584627873538
time: 4.96912956237793s, fps: 0.20124248873910616
time: 4.681187629699707s, fps: 0.21362100370758882
time: 4.869986534118652s, fps: 0.20533937681225548
time: 4.750125885009766s, fps: 0.21052073654632084
time: 5.3848958015441895s, fps: 0.185704614695281
time: 4.946669816970825s, fps: 0.2021562054878299
time: 4.882632732391357s, fps: 0.20480754027760592
time: 5.0536627769470215s, fps: 0.19787628184485076
time: 5.117145299911499s, fps: 0.19542145891720036
time: 5.007030010223389s, fps: 0.19971919440430616
time: 4.967210531234741s, fps: 0.20132023672276714
time: 4.923257827758789s, fps: 0.20311753618949288
time: 5.259832143783569s, fps: 0.19012013552217036
time: 5.3547773361206055s, fps: 0.1867491283446108
time: 5.37104606628418s, fps: 0.18618347108905442
time: 5.097932577133179s, fps: 0.19615794929997873
time: 4.955401182174683s, fps: 0.20180000836201703
time: 5.132425308227539s, fps: 0.19483965960438804
time: 4.8226423263549805s, fps: 0.2073552074420194
time: 4.970349550247192s, fps: 0.20119309313975042
time: 5.878057241439819s, fps: 0.1701242364484106
time: 5.443836450576782s, fps: 0.1836939829252307
time: 5.4723265171051025s, fps: 0.18273763396139722
time: 4.950937032699585s, fps: 0.20198196692772974
time: 4.643407106399536s, fps: 0.21535910530476676
time: 5.513074159622192s, fps: 0.1813870031576955
time: 5.251591682434082s, fps: 0.19041845986329725
time: 5.121835231781006s, fps: 0.19524251654855987
time: 5.666799545288086s, fps: 0.17646645024377028
time: 4.916702747344971s, fps: 0.2033883379547405
time: 4.832477569580078s, fps: 0.20693319019107123
time: 4.6083762645721436s, fps: 0.216996170145157
time: 5.105423927307129s, fps: 0.19587012053031472
time: 4.836519718170166s, fps: 0.20676024461207756
time: 4.866146087646484s, fps: 0.20550143419217626
time: 4.983273983001709s, fps: 0.200671286269041
time: 5.159727334976196s, fps: 0.19380869086265648
time: 5.0487446784973145s, fps: 0.1980690376875298
time: 4.589173316955566s, fps: 0.21790416942966861
time: 4.864187955856323s, fps: 0.20558416103062643
time: 4.857038736343384s, fps: 0.20588676646067866
time: 5.2243499755859375s, fps: 0.19141137264408573
time: 4.885836362838745s, fps: 0.20467324849557278
time: 5.148495435714722s, fps: 0.19423150170495948
time: 5.021254301071167s, fps: 0.19915342662224325
time: 4.816440582275391s, fps: 0.20762220210501972
time: 5.018420457839966s, fps: 0.19926588622875596
time: 4.73296046257019s, fps: 0.21128424965903037
time: 5.033463954925537s, fps: 0.1986703409331941
time: 4.8575921058654785s, fps: 0.2058633121526431
time: 5.228431940078735s, fps: 0.19126193311123812
time: 4.991942644119263s, fps: 0.20032281444139705
time: 5.37233304977417s, fps: 0.18613886941391986
time: 4.864538669586182s, fps: 0.20556933923706858
time: 5.346585273742676s, fps: 0.18703526621207103
time: 4.545357704162598s, fps: 0.22000468721839186
time: 4.530777931213379s, fps: 0.22071264917020375
time: 5.100104808807373s, fps: 0.19607440189721193
time: 4.834548473358154s, fps: 0.20684454929156684
time: 5.3642449378967285s, fps: 0.1864195262478247
time: 4.769882678985596s, fps: 0.20964876230722485
time: 5.190006732940674s, fps: 0.19267797740088805
time: 4.704466104507446s, fps: 0.21256397172080363
time: 4.723291397094727s, fps: 0.2117167703468592
time: 4.911827087402344s, fps: 0.20359022868796822
time: 4.964519500732422s, fps: 0.2014293628723724
time: 4.9606969356536865s, fps: 0.20158457833067098
time: 5.114264249801636s, fps: 0.1955315468962689
time: 4.976288318634033s, fps: 0.2009529866377387
time: 4.915539264678955s, fps: 0.2034364789201439
time: 4.863340616226196s, fps: 0.20561997995031847
time: 4.599414110183716s, fps: 0.217418996429538
time: 4.640713453292847s, fps: 0.2154841082227225
time: 4.513091564178467s, fps: 0.2215776005825473
time: 5.126056909561157s, fps: 0.19508172024676373
time: 4.76455283164978s, fps: 0.20988328502881531
time: 4.858543872833252s, fps: 0.2058229844525108
time: 5.1142258644104s, fps: 0.195533014480049
time: 5.316728353500366s, fps: 0.1880855920242063
time: 5.168324947357178s, fps: 0.1934862862118122
time: 4.63256573677063s, fps: 0.21586309980721435
time: 5.369106292724609s, fps: 0.18625073624544308
time: 4.80387020111084s, fps: 0.20816549118432914
time: 5.090767860412598s, fps: 0.19643402084316447
time: 4.896285533905029s, fps: 0.20423645497701412
time: 5.510846376419067s, fps: 0.18146032962903916
time: 4.946980953216553s, fps: 0.20214349104170187
time: 5.1834681034088135s, fps: 0.19292102894245036
time: 5.236981153488159s, fps: 0.1909497037876367
time: 4.767507553100586s, fps: 0.20975320728115934
time: 5.522616147994995s, fps: 0.18107360229319097
time: 5.192931890487671s, fps: 0.19256944267491433
time: 5.102581262588501s, fps: 0.19597924041541037
time: 5.237279891967773s, fps: 0.19093881186943318
time: 5.169222116470337s, fps: 0.1934527047723039
time: 5.052846670150757s, fps: 0.1979082416862976
time: 4.987731218338013s, fps: 0.20049195841254958
time: 5.291917562484741s, fps: 0.18896741836818504
time: 5.233790159225464s, fps: 0.19106612408549212
time: 5.517414093017578s, fps: 0.18124432626246495
time: 5.0443665981292725s, fps: 0.19824094473443996
time: 5.006774187088013s, fps: 0.19972939913665438
time: 4.807963848114014s, fps: 0.20798825273868543
time: 4.9112303256988525s, fps: 0.20361496685816768
time: 4.787790060043335s, fps: 0.2088646301235165
time: 5.0645012855529785s, fps: 0.19745280800946877
time: 5.041306972503662s, fps: 0.1983612593825784
time: 5.550190687179565s, fps: 0.18017398975316448
time: 5.011337518692017s, fps: 0.19954752524052796
time: 4.730442762374878s, fps: 0.21139670221862247
time: 5.158259868621826s, fps: 0.1938638272342758
time: 5.219646692276001s, fps: 0.1915838482860906
time: 4.663925647735596s, fps: 0.21441165137045326
time: 5.046031475067139s, fps: 0.19817553753698985
time: 4.772571086883545s, fps: 0.20953066634215248
time: 5.165697336196899s, fps: 0.19358470597819077
time: 5.025065660476685s, fps: 0.19900237480780275
time: 4.716645240783691s, fps: 0.21201509737328594
time: 4.921844959259033s, fps: 0.20317584326153715
time: 4.999571084976196s, fps: 0.2000171580728232
time: 5.583387136459351s, fps: 0.17910275170962622
time: 5.0800604820251465s, fps: 0.19684805004552897
time: 4.853037118911743s, fps: 0.20605653233170457
time: 4.859642267227173s, fps: 0.2057764635771395
time: 4.8565168380737305s, fps: 0.2059088917720372
time: 4.824901342391968s, fps: 0.20725812385300407
time: 4.674220323562622s, fps: 0.2139394232143971
time: 4.7142767906188965s, fps: 0.21212161364600712
time: 4.86773681640625s, fps: 0.20543427833435732
time: 4.704468727111816s, fps: 0.21256385322257704
time: 4.998934507369995s, fps: 0.20004262878933238
time: 5.031198740005493s, fps: 0.19875978900386435
time: 4.950033903121948s, fps: 0.2020188183699727
time: 4.727944850921631s, fps: 0.21150838927511334
time: 4.7626495361328125s, fps: 0.20996716059271125
time: 4.713633060455322s, fps: 0.21215058261310715
time: 4.649073362350464s, fps: 0.21509662723292092
time: 4.822706699371338s, fps: 0.20735243968503303
time: 4.7589333057403564s, fps: 0.21013112303838602
time: 4.754032611846924s, fps: 0.21034773667896733
time: 4.863570928573608s, fps: 0.20561024290300228
time: 4.945449113845825s, fps: 0.2022061044365596
time: 4.742607116699219s, fps: 0.2108544889748288
time: 5.158715009689331s, fps: 0.19384672309320342
time: 5.264276504516602s, fps: 0.18995962676771025
time: 5.402906179428101s, fps: 0.18508557557552302
time: 4.925451040267944s, fps: 0.20302709169668248
time: 5.115330457687378s, fps: 0.19549079150833518
time: 4.919747352600098s, fps: 0.20326247027126254
time: 4.833005666732788s, fps: 0.2069105788315826
time: 4.882111549377441s, fps: 0.2048294042211138
time: 4.784028768539429s, fps: 0.2090288433414462
time: 4.944432497024536s, fps: 0.2022476797087999
time: 4.822566986083984s, fps: 0.20735844683663357
time: 4.656885147094727s, fps: 0.21473580911134693
time: 4.790422201156616s, fps: 0.20874986754999517
time: 4.957588195800781s, fps: 0.2017109853632112
time: 5.0213940143585205s, fps: 0.19914788545581785
time: 5.3342390060424805s, fps: 0.18746816534977664
time: 4.727491617202759s, fps: 0.21152866699141748
time: 4.928401708602905s, fps: 0.2029055379666846
time: 4.582196235656738s, fps: 0.21823596122279038
time: 5.275808095932007s, fps: 0.18954442273422822
time: 5.024527311325073s, fps: 0.19902369676567228
time: 4.736351728439331s, fps: 0.21113296843972115
time: 4.848844766616821s, fps: 0.2062346905565568
time: 4.688849210739136s, fps: 0.2132719469224226
time: 4.8263280391693115s, fps: 0.20719685688254957
time: 4.850851058959961s, fps: 0.20614939272417146
time: 5.1057517528533936s, fps: 0.1958575442766369
time: 5.0235114097595215s, fps: 0.19906394520319615
time: 4.68928337097168s, fps: 0.21325220100588357
time: 4.7420430183410645s, fps: 0.2108795715543373
time: 4.8484601974487305s, fps: 0.20625104863729768
time: 4.726411819458008s, fps: 0.21157699290678253
time: 5.224170207977295s, fps: 0.19141795925274457
time: 5.136810064315796s, fps: 0.1946733454185436
time: 4.65755558013916s, fps: 0.2147048989096812
time: 4.982349157333374s, fps: 0.20070853495446606
time: 4.870667219161987s, fps: 0.20531068024229604
time: 4.904078245162964s, fps: 0.20391191779746362
time: 5.355780601501465s, fps: 0.186714145781038
time: 5.180867433547974s, fps: 0.19301787062232892
time: 5.4395458698272705s, fps: 0.18383887624643827
time: 4.856429100036621s, fps: 0.20591261179792766
time: 4.822995662689209s, fps: 0.20734001644165265
time: 4.830629348754883s, fps: 0.20701236377362603
time: 4.907177925109863s, fps: 0.20378311429936824
time: 5.259054660797119s, fps: 0.19014824231707628
time: 4.87168288230896s, fps: 0.20526787645218086
time: 4.874965667724609s, fps: 0.20512964975746178
time: 4.923620223999023s, fps: 0.20310258600485395
time: 4.942818641662598s, fps: 0.20231371460224842
time: 5.462858438491821s, fps: 0.18305434989014263
time: 5.001017808914185s, fps: 0.19995929592922584
time: 5.609320640563965s, fps: 0.17827470812926452
time: 6.073871374130249s, fps: 0.16463964058560518
time: 5.358688831329346s, fps: 0.18661281359603168
time: 5.205154657363892s, fps: 0.19211725026945536
time: 5.221436500549316s, fps: 0.19151817701791374
time: 5.203435182571411s, fps: 0.19218073540138234
time: 5.618501663208008s, fps: 0.1779833948521122
time: 5.844134330749512s, fps: 0.17111174100471946
time: 5.643967390060425s, fps: 0.1771803291707704
time: 5.526116847991943s, fps: 0.180958895279852
time: 5.176947832107544s, fps: 0.19316400945707393
time: 5.305692911148071s, fps: 0.18847679591460095
time: 5.109801292419434s, fps: 0.1957023263279405
time: 5.324752330780029s, fps: 0.187802162030982
time: 5.563599348068237s, fps: 0.1797397579225784
time: 5.310928583145142s, fps: 0.1882909898607219
time: 5.164098501205444s, fps: 0.19364464093134012
time: 5.218881368637085s, fps: 0.19161194312817859
time: 5.3530895709991455s, fps: 0.1868080081113516
time: 5.537441253662109s, fps: 0.1805888232834369
time: 5.1890342235565186s, fps: 0.19271408838668416
time: 4.824018478393555s, fps: 0.20729605503770993
time: 5.202985763549805s, fps: 0.19219733542336986
time: 5.490284204483032s, fps: 0.18213993351809743
time: 5.32738471031189s, fps: 0.18770936479664435
time: 5.0207672119140625s, fps: 0.1991727474691604
time: 5.281748294830322s, fps: 0.18933124870391524
time: 5.600158929824829s, fps: 0.17856636079992103
time: 5.341853618621826s, fps: 0.18720093649028058
time: 5.288787841796875s, fps: 0.18907924271362872
time: 5.105892896652222s, fps: 0.19585213012510888
time: 5.008925199508667s, fps: 0.19964362815761183
time: 5.20655632019043s, fps: 0.19206553017051106
time: 5.207208871841431s, fps: 0.19204146109974823
time: 5.382307529449463s, fps: 0.18579391729819764
time: 5.624753952026367s, fps: 0.17778555444896238
time: 5.418224334716797s, fps: 0.1845623101266937
time: 5.192340850830078s, fps: 0.1925913626876275
time: 4.9693827629089355s, fps: 0.20123223500993279
time: 5.014531850814819s, fps: 0.19942041046912654
time: 5.124627113342285s, fps: 0.19513614900807863
time: 5.2799952030181885s, fps: 0.18939411146214163
time: 5.621446371078491s, fps: 0.17789016099928515
time: 5.135037660598755s, fps: 0.19474053864746108
time: 5.298927307128906s, fps: 0.1887174407270413
time: 5.675622463226318s, fps: 0.1761921280844935
time: 5.366408109664917s, fps: 0.18634438148656585
time: 5.619134187698364s, fps: 0.17796335994061868
time: 5.356283903121948s, fps: 0.186696601241981
time: 5.421394348144531s, fps: 0.18445439231740252
time: 5.281905174255371s, fps: 0.18932562532059793
time: 6.00252366065979s, fps: 0.16659659445475325
time: 5.3470778465271s, fps: 0.18701803652428495
time: 5.380312919616699s, fps: 0.1858627955177078
time: 5.5227062702178955s, fps: 0.1810706474455585
time: 5.54017448425293s, fps: 0.18049973025982158
time: 5.284831285476685s, fps: 0.18922079929932925
time: 5.302830457687378s, fps: 0.1885785351764972
time: 5.118914604187012s, fps: 0.19535391334367072
time: 5.214262962341309s, fps: 0.19178165873532776
time: 5.017513990402222s, fps: 0.19930188573721075
time: 5.048567295074463s, fps: 0.19807599692206354
time: 5.2226243019104s, fps: 0.19147461930857382
time: 4.840254783630371s, fps: 0.20660069452996083
time: 5.244586229324341s, fps: 0.19067281121409455
time: 5.310863256454468s, fps: 0.18829330594883364
time: 5.117624521255493s, fps: 0.19540315938510328
time: 4.811970472335815s, fps: 0.2078150740427512
time: 4.8586649894714355s, fps: 0.20581785370404557
time: 5.1668641567230225s, fps: 0.19354098920886464
time: 5.483212471008301s, fps: 0.18237484053141412
time: 5.11356782913208s, fps: 0.19555817648550267
time: 5.246761083602905s, fps: 0.19059377472421685
time: 4.892524719238281s, fps: 0.20439344865603262
time: 4.622779130935669s, fps: 0.21632009050745973
time: 4.997244596481323s, fps: 0.20011027691222547
time: 5.094566822052002s, fps: 0.1962875421854252
time: 5.122317552566528s, fps: 0.19522413238494982
time: 5.0281031131744385s, fps: 0.19888215843860466
time: 4.889910697937012s, fps: 0.20450271217056923
time: 5.402916431427002s, fps: 0.18508522437684327
time: 5.186318635940552s, fps: 0.19281499464188773
time: 4.971040725708008s, fps: 0.2011651191728214
time: 4.687695503234863s, fps: 0.21332443613496752
time: 5.294410943984985s, fps: 0.18887842492394863
time: 4.776080131530762s, fps: 0.20937672159187456
time: 5.46250319480896s, fps: 0.18306625448755878
time: 5.80354118347168s, fps: 0.172308590287594
time: 5.41575288772583s, fps: 0.18464653405187356
time: 5.028977632522583s, fps: 0.19884757361674535
time: 5.287942886352539s, fps: 0.1891094555088452
time: 4.899460077285767s, fps: 0.20410412254118954
time: 5.243563890457153s, fps: 0.19070998673629516
time: 5.261895179748535s, fps: 0.19004559495002898
time: 5.315576076507568s, fps: 0.1881263640303345
time: 5.08784556388855s, fps: 0.19654684629140312
time: 5.0566089153289795s, fps: 0.1977609929390675
time: 4.96845269203186s, fps: 0.20126990473387152
time: 5.434025049209595s, fps: 0.18402565150954814
time: 5.117283821105957s, fps: 0.19541616899878697
time: 5.077164649963379s, fps: 0.19696032509152778
time: 5.040128469467163s, fps: 0.19840764100715846
time: 5.09033727645874s, fps: 0.1964506369007601
time: 5.259944915771484s, fps: 0.19011605939096196
time: 5.111570119857788s, fps: 0.19563460474016184
time: 4.7175068855285645s, fps: 0.21197637317024431
time: 4.733672380447388s, fps: 0.21125247368840686
time: 4.934095621109009s, fps: 0.2026713863675053
time: 5.243464946746826s, fps: 0.19071358541653347
time: 5.043202638626099s, fps: 0.19828669828591824
time: 5.195503234863281s, fps: 0.19247413672841546
time: 5.27964973449707s, fps: 0.1894065042735753
time: 4.886584043502808s, fps: 0.20464193209356504
time: 4.851247549057007s, fps: 0.20613254423480853
time: 4.90457820892334s, fps: 0.2038911313883445
time: 5.349537134170532s, fps: 0.18693206064734685
time: 5.271647214889526s, fps: 0.1896940290646813
time: 5.125300168991089s, fps: 0.19511052368213766
time: 4.986264944076538s, fps: 0.20055091560827623
time: 4.990809679031372s, fps: 0.2003682897790008
time: 4.956618785858154s, fps: 0.2017504357714827
time: 5.061510324478149s, fps: 0.197569487345282
time: 5.049755573272705s, fps: 0.19802938686632474
time: 5.275802135467529s, fps: 0.18954463687660308
time: 5.246790409088135s, fps: 0.19059270945297677
time: 5.0714476108551025s, fps: 0.1971823583190656
time: 4.944368600845337s, fps: 0.20225029335980946
time: 4.822694778442383s, fps: 0.20735295222704858
time: 4.933839559555054s, fps: 0.2026819048186039
time: 5.2146360874176025s, fps: 0.19176793610064188
time: 5.327927112579346s, fps: 0.1876902553037896
time: 5.570140838623047s, fps: 0.17952867422418758
time: 5.446677207946777s, fps: 0.1835981758825337
time: 5.019411087036133s, fps: 0.1992265591839542
time: 4.4534947872161865s, fps: 0.22454275749250066
time: 5.165076494216919s, fps: 0.1936079748518053
time: 4.942825794219971s, fps: 0.20231342184249695
time: 4.9474146366119385s, fps: 0.20212577142812807
time: 4.770890712738037s, fps: 0.209604465960633
time: 5.857754707336426s, fps: 0.17071387416539827
time: 5.285838603973389s, fps: 0.18918473962642285
time: 5.252504587173462s, fps: 0.1903853644301397
time: 5.082808971405029s, fps: 0.19674160599499615
time: 4.903990030288696s, fps: 0.20391558584411118
time: 5.2368738651275635s, fps: 0.19095361579338732
time: 4.873578310012817s, fps: 0.20518804385383316
time: 5.015467166900635s, fps: 0.19938322128783098
time: 5.207085371017456s, fps: 0.19204601590862752
time: 4.966729402542114s, fps: 0.20133973867957683
time: 5.276198387145996s, fps: 0.18953040174460167
time: 5.157827377319336s, fps: 0.19388008299721876
time: 5.28414249420166s, fps: 0.18924546434872064
time: 5.324917554855347s, fps: 0.1877963348161482
time: 5.486200571060181s, fps: 0.18227550871454104
time: 5.655787706375122s, fps: 0.17681003105417384
time: 5.112520694732666s, fps: 0.19559823024878534
time: 5.522806882858276s, fps: 0.18106734876133482
time: 5.700032711029053s, fps: 0.1754375896940187
time: 5.44706130027771s, fps: 0.18358522969973123
time: 5.604844808578491s, fps: 0.17841707204264617
time: 5.6583092212677s, fps: 0.17673123912021863
time: 5.354711055755615s, fps: 0.1867514399166563
time: 5.417221784591675s, fps: 0.1845964665586191
time: 5.352568864822388s, fps: 0.18682618108327367
time: 5.3955395221710205s, fps: 0.18533827727345176
time: 5.277751207351685s, fps: 0.18947463810098555
time: 5.060401439666748s, fps: 0.19761278070971675
time: 5.516527891159058s, fps: 0.1812734422321381
time: 5.122209310531616s, fps: 0.19522825784255457
time: 5.148146629333496s, fps: 0.19424466162290813
time: 5.004217863082886s, fps: 0.1998314276796779
time: 5.147150993347168s, fps: 0.1942822352195471
time: 5.464625120162964s, fps: 0.18299516947837374
time: 5.207275867462158s, fps: 0.19203899033821778
time: 4.910656213760376s, fps: 0.20363877177918788
time: 5.354244947433472s, fps: 0.18676769737240814
time: 5.123230218887329s, fps: 0.19518935462111275
time: 5.13909387588501s, fps: 0.1945868326501019
time: 5.297868251800537s, fps: 0.188755165751836
time: 5.40549111366272s, fps: 0.1849970666814042
time: 5.170730113983154s, fps: 0.1933962860091479
time: 5.407215595245361s, fps: 0.18493806699316995
time: 4.979549407958984s, fps: 0.20082138323633575
time: 5.50217604637146s, fps: 0.1817462748505609
time: 5.0182342529296875s, fps: 0.19927328012162676
time: 5.15291953086853s, fps: 0.19406474213492111
time: 5.106786012649536s, fps: 0.19581787792223812
time: 5.3044257164001465s, fps: 0.18852182186437536
time: 5.204212188720703s, fps: 0.1921520421798596
time: 5.287755727767944s, fps: 0.18911614898332638
time: 5.498863935470581s, fps: 0.1818557454294279
time: 5.134196758270264s, fps: 0.19477243414740206
time: 4.970875263214111s, fps: 0.20117181523348293
time: 5.0542519092559814s, fps: 0.1978532170445787
time: 5.079545736312866s, fps: 0.19686799802808325
time: 5.2870354652404785s, fps: 0.18914191262276986
time: 5.293792963027954s, fps: 0.1889004740049407
time: 5.3141868114471436s, fps: 0.18817554509862686
time: 4.878417730331421s, fps: 0.20498449605545851
time: 4.909593105316162s, fps: 0.20368286710301692
time: 4.822030067443848s, fps: 0.20738153558011693
time: 5.1374289989471436s, fps: 0.19464989203839866
time: 5.1647679805755615s, fps: 0.19361953988271124
time: 5.027493000030518s, fps: 0.1989062938514146
time: 5.074635028839111s, fps: 0.1970585065363337
time: 4.902386665344238s, fps: 0.20398227807471025
time: 5.1447858810424805s, fps: 0.19437154881115704
time: 4.827040672302246s, fps: 0.20716626767577084
time: 5.193377733230591s, fps: 0.19255291091217053
time: 4.852194786071777s, fps: 0.20609230339855678
time: 5.235741376876831s, fps: 0.190994918965327
time: 5.010768175125122s, fps: 0.19957019863027875
time: 4.714516639709473s, fps: 0.21211082204635595
time: 5.214522838592529s, fps: 0.1917721009099873
time: 5.228236675262451s, fps: 0.19126907638507035
time: 5.377943754196167s, fps: 0.18594467434133075
time: 4.899849891662598s, fps: 0.2040878847536866
time: 5.3954455852508545s, fps: 0.18534150408886133
time: 5.251314878463745s, fps: 0.1904284970800583
time: 5.090292453765869s, fps: 0.1964523667515775
time: 4.9980528354644775s, fps: 0.20007791692483545
time: 5.092336177825928s, fps: 0.19637352387581966
time: 5.107315540313721s, fps: 0.19579757547906942
time: 5.505788326263428s, fps: 0.18162703335866573
time: 5.318467140197754s, fps: 0.18802410048599408
time: 5.47478723526001s, fps: 0.18265550002739198
time: 5.207398414611816s, fps: 0.19203447103145163
time: 5.052436351776123s, fps: 0.19792431420703838
time: 5.234371662139893s, fps: 0.1910448979450543
time: 5.3826117515563965s, fps: 0.18578341633331577
time: 5.454167604446411s, fps: 0.1833460341748149
time: 5.156906604766846s, fps: 0.19391470054463242
time: 5.203552961349487s, fps: 0.19217638552498953
time: 4.8818511962890625s, fps: 0.2048403279395631
time: 5.566992282867432s, fps: 0.17963021128617815
time: 4.501709699630737s, fps: 0.22213782467626184
time: 4.906700849533081s, fps: 0.20380292800918554
time: 4.973736524581909s, fps: 0.2010560863161242
time: 5.101624250411987s, fps: 0.1960160041028588
time: 4.77946138381958s, fps: 0.20922859705183655
time: 4.92439866065979s, fps: 0.20307048005451617
time: 4.868258953094482s, fps: 0.20541224483639176
time: 4.35808253288269s, fps: 0.2294587109020493
time: 4.867022275924683s, fps: 0.20546443868700204
time: 4.726743221282959s, fps: 0.21156215880256224
time: 4.44504714012146s, fps: 0.2249694926683444
time: 4.550827264785767s, fps: 0.21974026738786265
time: 4.648653030395508s, fps: 0.21511607630456342
time: 4.923276424407959s, fps: 0.20311676895539202
time: 4.933443069458008s, fps: 0.20269819392278116
time: 5.34253716468811s, fps: 0.18717698523644777
time: 5.369913816452026s, fps: 0.18622272799542122
time: 5.316498279571533s, fps: 0.188093731515435
time: 5.344659805297852s, fps: 0.18710264758268766
time: 5.462276220321655s, fps: 0.18307386145717716
time: 5.390778064727783s, fps: 0.185501979119316
time: 5.376194000244141s, fps: 0.18600519251250766
time: 5.171383619308472s, fps: 0.1933718466110859
time: 5.555885314941406s, fps: 0.1799893164300398
time: 5.37600564956665s, fps: 0.18601170928468205
time: 5.4526214599609375s, fps: 0.1833980237474919
time: 5.056133985519409s, fps: 0.19777956890857026
time: 5.498196363449097s, fps: 0.18187782572623248
time: 5.0708959102630615s, fps: 0.197203811258694
time: 4.82919979095459s, fps: 0.20707364434850387
time: 5.150263786315918s, fps: 0.19416481203486455
time: 5.704249143600464s, fps: 0.1753079107917103
time: 5.5114569664001465s, fps: 0.1814402264403705
time: 5.493280649185181s, fps: 0.18204058082274208
time: 5.625720024108887s, fps: 0.1777550243727957
time: 5.053217649459839s, fps: 0.1978937123570948
time: 5.3427276611328125s, fps: 0.1871703113888405
time: 5.516952037811279s, fps: 0.18125950581885544
time: 5.289628744125366s, fps: 0.18904918442728041
time: 5.6973631381988525s, fps: 0.17551979323475894
time: 5.214541673660278s, fps: 0.19177140822389158
time: 5.291172504425049s, fps: 0.18899402715819455
time: 5.039484024047852s, fps: 0.19843301322677329
time: 5.262474060058594s, fps: 0.1900246896397748
time: 5.47783637046814s, fps: 0.1825538282580243
time: 5.485723257064819s, fps: 0.18229136854691758
time: 5.778582334518433s, fps: 0.17305282543548575
time: 5.853841304779053s, fps: 0.17082799958782688
time: 5.356860160827637s, fps: 0.18667651758254963
time: 5.4934608936309814s, fps: 0.18203460793893733
time: 5.310123920440674s, fps: 0.18831952229035975
time: 5.407745361328125s, fps: 0.18491994966168362
time: 5.510739088058472s, fps: 0.18146386247299492
time: 5.713461637496948s, fps: 0.17502524099174616
time: 5.38189959526062s, fps: 0.1858080000007088
time: 5.147296667098999s, fps: 0.19427673683389945
time: 5.300558090209961s, fps: 0.18865937944288974
time: 5.310545444488525s, fps: 0.18830457444589535
time: 5.2109949588775635s, fps: 0.19190193195185853
time: 5.288646459579468s, fps: 0.1890842973987556
time: 5.735034704208374s, fps: 0.17436686115712588
time: 5.698340892791748s, fps: 0.17548967652408684
time: 4.942034006118774s, fps: 0.2023458354924089
time: 5.411230564117432s, fps: 0.1848008485594994
time: 5.289583206176758s, fps: 0.18905081194909248
time: 5.044067859649658s, fps: 0.19825268569433088
time: 5.333313703536987s, fps: 0.1875006901125678
time: 5.33554482460022s, fps: 0.18742228448524517
time: 4.885879039764404s, fps: 0.2046714607261787
time: 4.940136909484863s, fps: 0.202423539736326
time: 5.239406585693359s, fps: 0.19086130912813373
time: 5.108423709869385s, fps: 0.19575510114167263
time: 5.352435827255249s, fps: 0.18683082474485344
time: 5.108806371688843s, fps: 0.19574043861627607
time: 4.638888597488403s, fps: 0.2155688758168114
time: 5.2769176959991455s, fps: 0.18950456641728186
time: 5.536561012268066s, fps: 0.1806175345641766
time: 5.233123540878296s, fps: 0.1910904629307043
time: 5.395931959152222s, fps: 0.18532479793483428
time: 5.672309875488281s, fps: 0.17629502300664038
time: 5.247167110443115s, fps: 0.19057902653981826
time: 5.062384843826294s, fps: 0.19753535751426035
time: 4.884610176086426s, fps: 0.204724627749354
time: 4.886008977890015s, fps: 0.20466601770998838
time: 5.328703880310059s, fps: 0.18766289560489022
time: 5.071784257888794s, fps: 0.1971692700541377
time: 5.614040851593018s, fps: 0.1781248171210304
time: 5.275404691696167s, fps: 0.18955891698205932
time: 5.279361963272095s, fps: 0.1894168285783175
time: 5.238424062728882s, fps: 0.19089710722637915
time: 4.99176549911499s, fps: 0.20032992338628366
time: 5.174194097518921s, fps: 0.1932668124064983
time: 5.11276912689209s, fps: 0.1955887260271954
time: 5.0251898765563965s, fps: 0.19899745573101973
time: 5.164896011352539s, fps: 0.19361474031654868
time: 5.002935171127319s, fps: 0.19988266203630786
time: 4.964393377304077s, fps: 0.2014344803076528
time: 4.839219093322754s, fps: 0.20664491123781084
time: 4.751850843429565s, fps: 0.21044431589907975
time: 4.990106105804443s, fps: 0.20039654043364122
time: 5.145999193191528s, fps: 0.1943257203232875
time: 4.958113193511963s, fps: 0.2016896268743057
time: 5.371752023696899s, fps: 0.18615900279622158
time: 4.887920379638672s, fps: 0.20458598388092455
time: 4.888302564620972s, fps: 0.20456998861680278
time: 4.946947336196899s, fps: 0.2021448647093901
time: 5.106293678283691s, fps: 0.19583675812710333
time: 5.17028021812439s, fps: 0.19341311453381296
time: 5.101608753204346s, fps: 0.1960165995426237
time: 5.3238606452941895s, fps: 0.18783361673523694
time: 5.169911861419678s, fps: 0.19342689523635248
time: 5.317830801010132s, fps: 0.18804659971694626
time: 4.809894561767578s, fps: 0.20790476530373508
time: 4.733886957168579s, fps: 0.21124289807674612
time: 5.387467861175537s, fps: 0.18561595646935358
time: 4.865557909011841s, fps: 0.20552627647239177
time: 5.627573013305664s, fps: 0.17769649503180682
time: 5.003010272979736s, fps: 0.19987966153113879
time: 5.038282632827759s, fps: 0.198480330080003
time: 5.253781318664551s, fps: 0.1903390985169874
time: 5.60051155090332s, fps: 0.17855511785145903
time: 5.690015554428101s, fps: 0.17574644400080366
time: 5.2784552574157715s, fps: 0.18944936562549938
time: 5.5392866134643555s, fps: 0.1805286618622149
time: 5.007138252258301s, fps: 0.19971487696569667
time: 4.672549247741699s, fps: 0.21401593583701925
time: 5.0509679317474365s, fps: 0.19798185486678377
time: 5.377058267593384s, fps: 0.1859752954560359
time: 5.013293266296387s, fps: 0.19946967928703652
time: 5.457181453704834s, fps: 0.18324477726887908
time: 5.462021589279175s, fps: 0.18308239607891597
time: 5.46203875541687s, fps: 0.1830818206861439
time: 5.0889341831207275s, fps: 0.1965048012051046
time: 4.781447649002075s, fps: 0.20914168122466167
time: 5.061521291732788s, fps: 0.19756905925365667
time: 4.588899612426758s, fps: 0.21791716630540275
time: 5.251222133636475s, fps: 0.19043186034628845
time: 5.115994453430176s, fps: 0.19546541910918594
time: 5.094933271408081s, fps: 0.19627342434724981
time: 5.276005506515503s, fps: 0.18953733061215894
time: 5.125150918960571s, fps: 0.1951162055151362
time: 5.282900810241699s, fps: 0.18928994427859583
time: 5.096517086029053s, fps: 0.19621242961026727
time: 4.996716022491455s, fps: 0.20013144543311098
time: 5.388456106185913s, fps: 0.1855819144285144
time: 5.150671482086182s, fps: 0.19414944313143595
time: 5.204117774963379s, fps: 0.19215552822630672
time: 5.29001522064209s, fps: 0.18903537292254186
time: 5.209360599517822s, fps: 0.19196213832702613
time: 5.02815580368042s, fps: 0.19888007433421967
time: 5.564922332763672s, fps: 0.17969702723656458
time: 5.691579341888428s, fps: 0.17569815686136192
time: 5.574405193328857s, fps: 0.1793913368903906
time: 5.506170034408569s, fps: 0.1816144422985318
time: 5.394094944000244s, fps: 0.1853879122228433
time: 5.203609228134155s, fps: 0.1921743075158946
time: 5.0959014892578125s, fps: 0.19623613252885783
time: 4.956340789794922s, fps: 0.20176175174616612
time: 5.091794013977051s, fps: 0.19639443332840745
time: 4.824852228164673s, fps: 0.207260233621785
time: 5.0165815353393555s, fps: 0.19933893089457247
time: 5.08850622177124s, fps: 0.1965213279530812
time: 5.0851311683654785s, fps: 0.19665176116222613
time: 5.004900932312012s, fps: 0.19980415467245832
time: 4.719669580459595s, fps: 0.2118792392035676
time: 4.837561130523682s, fps: 0.2067157340276849
time: 4.695180892944336s, fps: 0.2129843392195487
time: 5.070289134979248s, fps: 0.19722741117486445
time: 5.115738153457642s, fps: 0.19547521198365417
time: 4.942973852157593s, fps: 0.202307361905931
time: 4.812053442001343s, fps: 0.20781149088487638
time: 5.024754285812378s, fps: 0.19901470661432052
time: 5.057043552398682s, fps: 0.1977439960005239
time: 5.170793771743774s, fps: 0.1933939051030389
time: 5.04768180847168s, fps: 0.19811074428694558
time: 4.956624984741211s, fps: 0.20175018345718376
time: 4.829039573669434s, fps: 0.2070805146125841
time: 4.936170816421509s, fps: 0.20258618212182392
time: 5.015575647354126s, fps: 0.19937890888507115
time: 5.002803087234497s, fps: 0.1998879393337847
time: 5.275187253952026s, fps: 0.18956673040389746
time: 5.152918577194214s, fps: 0.1940647780513746
time: 5.087101221084595s, fps: 0.19657560495460225
time: 4.952048301696777s, fps: 0.2019366409768981
time: 4.951265573501587s, fps: 0.20196856443165692
time: 4.875453472137451s, fps: 0.20510912589256836
time: 4.827857494354248s, fps: 0.20713121735043163
time: 4.8974504470825195s, fps: 0.2041878750597087
time: 4.741279363632202s, fps: 0.21091353689691034
time: 5.267736196517944s, fps: 0.1898348669511992
time: 5.18169093132019s, fps: 0.19298719534883957
time: 5.07826042175293s, fps: 0.19691782558382795
time: 4.735522270202637s, fps: 0.2111699497840624
time: 4.87791109085083s, fps: 0.20500578657032778
time: 4.799708843231201s, fps: 0.20834597111244613
time: 4.923603773117065s, fps: 0.20310326461686698
time: 5.51150107383728s, fps: 0.18143877441064682
time: 5.174283981323242s, fps: 0.19326345511949763
time: 4.889242649078369s, fps: 0.20453065469935344
time: 5.179251670837402s, fps: 0.19307808609314325
time: 5.045937776565552s, fps: 0.1981792174775164
time: 5.416561841964722s, fps: 0.18461895740809545
time: 5.436443090438843s, fps: 0.18394379990084245
time: 5.572163820266724s, fps: 0.1794634960951548
time: 5.501867294311523s, fps: 0.18175647403090173
time: 5.364245891571045s, fps: 0.1864194931055121
time: 5.685473680496216s, fps: 0.17588684007639663
time: 5.274773120880127s, fps: 0.1895816136700765
time: 4.8034632205963135s, fps: 0.20818312831296282
time: 5.41392183303833s, fps: 0.18470898377171308
time: 5.457503318786621s, fps: 0.18323397011187384
time: 4.946714162826538s, fps: 0.2021543932161633
time: 5.474438428878784s, fps: 0.18266713800721462
time: 5.214471101760864s, fps: 0.1917740036304568
time: 4.57096529006958s, fps: 0.21877217098377438
time: 4.870255947113037s, fps: 0.2053280178411926
time: 5.019215106964111s, fps: 0.19923433817620406
time: 4.833974838256836s, fps: 0.20686909499111228
time: 5.130391359329224s, fps: 0.19491690398658898
time: 5.224069833755493s, fps: 0.1914216371187208
time: 5.430793762207031s, fps: 0.1841351455765111
time: 5.286981821060181s, fps: 0.18914383174471996
time: 5.595332384109497s, fps: 0.17872039252573393
time: 5.609036684036255s, fps: 0.1782837332560288
time: 5.126209497451782s, fps: 0.1950759134009439
time: 5.603724002838135s, fps: 0.17845275739731775
time: 5.493675231933594s, fps: 0.18202750577376828
time: 5.5740461349487305s, fps: 0.17940289258283973
time: 5.4789252281188965s, fps: 0.18251754830816233
time: 5.107461214065552s, fps: 0.19579199098880626
time: 5.483416318893433s, fps: 0.18236806068407416
time: 5.155458688735962s, fps: 0.19396916169358044
time: 5.5662431716918945s, fps: 0.1796543861191109
time: 5.48997163772583s, fps: 0.18215030349669362
time: 5.574331521987915s, fps: 0.1793937077576937
time: 5.187092542648315s, fps: 0.19278622692346284
time: 5.320610761642456s, fps: 0.18794834743583141
time: 5.50711464881897s, fps: 0.1815832906646415
time: 5.508237838745117s, fps: 0.1815462638461195
time: 5.437021255493164s, fps: 0.18392423958057438
time: 5.813681125640869s, fps: 0.1720080579565267
time: 4.816087961196899s, fps: 0.2076374036473119
time: 4.6665003299713135s, fps: 0.2142933524674469
time: 5.512747764587402s, fps: 0.18139774259648977
time: 5.454067230224609s, fps: 0.18334940839348948
time: 5.369263410568237s, fps: 0.18624528609114532
time: 5.55064058303833s, fps: 0.18015938611766794
time: 5.307686805725098s, fps: 0.18840599240357536
time: 5.110167741775513s, fps: 0.1956882925437107
time: 4.856592178344727s, fps: 0.205905697509242
time: 4.542839288711548s, fps: 0.22012665129600537
time: 5.068130254745483s, fps: 0.19731142447723438
time: 5.1018476486206055s, fps: 0.19600742101155677
time: 4.972045183181763s, fps: 0.20112447959695925
time: 4.990413188934326s, fps: 0.20038420911065766
time: 5.045366287231445s, fps: 0.19820166526476954
time: 4.667128086090088s, fps: 0.2142645287538606
time: 5.098493576049805s, fps: 0.1961363655918886
time: 5.240955591201782s, fps: 0.19080489857207397
time: 4.90246319770813s, fps: 0.2039790937069132
time: 5.013960123062134s, fps: 0.1994431498169312
time: 5.379638195037842s, fps: 0.18588610678732936
time: 5.193768739700317s, fps: 0.1925384148039099
time: 5.221688747406006s, fps: 0.19150892524890017
time: 5.1453857421875s, fps: 0.19434888851984533
time: 4.990911245346069s, fps: 0.20036421223328327
time: 4.5777506828308105s, fps: 0.21844789489095012
time: 4.87430477142334s, fps: 0.20515746283710348
time: 5.044152736663818s, fps: 0.19824934973348882
time: 5.123755931854248s, fps: 0.19516932759873043
time: 5.116417646408081s, fps: 0.19544925162668023
time: 5.532005071640015s, fps: 0.18076628402358652
time: 5.062258958816528s, fps: 0.19754026969686736
time: 4.8448450565338135s, fps: 0.20640494965909975
time: 4.903950929641724s, fps: 0.20391721172321328/pytorch/torch/csrc/utils/python_arg_parser.cpp:756: UserWarning: This overload of nonzero is deprecated:
	nonzero(Tensor input, *, Tensor out)
Consider using one of the following signatures instead:
	nonzero(Tensor input, *, bool as_tuple)

time: 5.080228567123413s, fps: 0.19684153710553062
time: 5.375322103500366s, fps: 0.18603536322945338
time: 5.224553108215332s, fps: 0.19140393049647694
time: 5.071953773498535s, fps: 0.19716268023283254
time: 5.069728136062622s, fps: 0.1972492356910966
time: 5.271967649459839s, fps: 0.1896824993041183
time: 5.25036096572876s, fps: 0.1904630951142991
time: 5.3750159740448s, fps: 0.18604595871507362
time: 5.104984521865845s, fps: 0.195886979816837
time: 5.35814905166626s, fps: 0.18663161296138697
time: 5.386056184768677s, fps: 0.18566460610416907
time: 4.859519958496094s, fps: 0.20578164274264577
time: 4.698957204818726s, fps: 0.21281317458573823
time: 5.050442457199097s, fps: 0.19800245393837942
time: 4.854524374008179s, fps: 0.20599340387580373
time: 5.115800619125366s, fps: 0.19547282516474757
time: 4.9805920124053955s, fps: 0.2007793446058727
time: 5.220956802368164s, fps: 0.19153577358587068
time: 5.033131837844849s, fps: 0.19868345042759558
time: 5.187822341918945s, fps: 0.1927591066331901
time: 4.688267230987549s, fps: 0.2132984215128363
time: 4.780120372772217s, fps: 0.2091997527292504
time: 4.499480724334717s, fps: 0.2222478684243853
time: 5.445876359939575s, fps: 0.1836251750693612
time: 5.241677761077881s, fps: 0.1907786105100752
time: 5.071718454360962s, fps: 0.19717182824692114
time: 5.157400608062744s, fps: 0.1938961263619245
time: 5.211954116821289s, fps: 0.1918666161646658
time: 5.22749137878418s, fps: 0.19129634609413396
time: 5.0417327880859375s, fps: 0.19834450615135513
time: 4.939204692840576s, fps: 0.20246174479253906
time: 5.009063243865967s, fps: 0.19963812619546917
time: 5.56906533241272s, fps: 0.17956334506974872
time: 5.820057392120361s, fps: 0.17181961149625027
time: 5.363180160522461s, fps: 0.18645653699289186
time: 5.0967488288879395s, fps: 0.1962035080740265
time: 5.47397255897522s, fps: 0.18268268414323394
time: 4.572294235229492s, fps: 0.2187085844771335
time: 4.791030645370483s, fps: 0.20872335704349715
time: 5.254875421524048s, fps: 0.1902994685476244
time: 5.131165981292725s, fps: 0.19488747852745628
time: 5.436399221420288s, fps: 0.18394528423516784
time: 4.929895401000977s, fps: 0.202844060301352
time: 5.210515737533569s, fps: 0.19191958154863117
time: 4.8556742668151855s, fps: 0.20594462170459704
time: 4.562276124954224s, fps: 0.2191888374599496
time: 4.563865661621094s, fps: 0.2191124967610896
time: 4.898383140563965s, fps: 0.20414899596540484
time: 5.258487701416016s, fps: 0.19016874371137504
time: 5.006169557571411s, fps: 0.1997535218293963
time: 4.9450297355651855s, fps: 0.20222325313999479
time: 4.447178602218628s, fps: 0.22486166836229957
time: 4.480372428894043s, fps: 0.2231957311296206
time: 4.88657546043396s, fps: 0.20464229153870336
time: 5.0816874504089355s, fps: 0.19678502658000496
time: 4.970012426376343s, fps: 0.20120674038819342
time: 4.391994476318359s, fps: 0.227686989451376
time: 4.584110736846924s, fps: 0.2181448174805278
time: 5.3913304805755615s, fps: 0.18548297189402552
time: 4.994061470031738s, fps: 0.20023782366332082
time: 4.887120246887207s, fps: 0.20461947926019175
time: 4.928451776504517s, fps: 0.20290347665920466
time: 4.768043756484985s, fps: 0.20972961891130015
time: 4.943176507949829s, fps: 0.20229906789526067
time: 4.753788948059082s, fps: 0.2103585184210352
time: 5.084913969039917s, fps: 0.1966601610348995
time: 5.020313024520874s, fps: 0.19919076661468485
time: 5.245593070983887s, fps: 0.1906362133829103
time: 4.976182460784912s, fps: 0.20095726149122478
time: 4.933696508407593s, fps: 0.2026877815236271
time: 5.362105369567871s, fps: 0.18649391070817198
time: 5.097883701324463s, fps: 0.196159829958497
time: 4.8074071407318115s, fps: 0.20801233819521558
time: 4.742414474487305s, fps: 0.21086305412141534
time: 4.712973594665527s, fps: 0.2121802679166015
time: 4.752121448516846s, fps: 0.21043233234539988
time: 5.029770374298096s, fps: 0.1988162332638396
time: 5.20461630821228s, fps: 0.19213712227395438
time: 4.874833345413208s, fps: 0.20513521778973481
time: 4.63953161239624s, fps: 0.21553899909381516
time: 5.13236141204834s, fps: 0.19484208529283933
time: 4.901850700378418s, fps: 0.20400458135593583
time: 4.9938647747039795s, fps: 0.20024571050970774
time: 4.686302185058594s, fps: 0.2133878611559269
time: 5.013952255249023s, fps: 0.19944346277990913
time: 4.984752893447876s, fps: 0.20061174974479337
time: 5.307486534118652s, fps: 0.18841310167658437
time: 5.240296363830566s, fps: 0.19082890175871986
time: 4.860812664031982s, fps: 0.2057269162828655
time: 4.954536437988281s, fps: 0.20183522969628934
time: 4.6073994636535645s, fps: 0.21704217485128202
time: 4.818745851516724s, fps: 0.20752287645243733
time: 5.251322984695435s, fps: 0.19042820312413097
time: 5.1268391609191895s, fps: 0.19505195474490178
time: 4.51291298866272s, fps: 0.2215863683860484
time: 4.813262701034546s, fps: 0.20775928140906655
time: 5.112473249435425s, fps: 0.19560004545949086
time: 4.49708104133606s, fps: 0.2223664618912238
time: 4.74533748626709s, fps: 0.21073316763959984
time: 5.0386738777160645s, fps: 0.1984649184029511
time: 5.139833211898804s, fps: 0.1945588424318872
time: 5.080113649368286s, fps: 0.19684598987748048
time: 5.183619260787964s, fps: 0.19291540325204934
time: 4.9289069175720215s, fps: 0.2028847403132944
time: 4.916317701339722s, fps: 0.20340426732948827
time: 4.819892644882202s, fps: 0.20747350069338316
time: 5.092227935791016s, fps: 0.19637769805460645
time: 5.172244310379028s, fps: 0.1933396684285238
time: 4.99707818031311s, fps: 0.20011694112365105
time: 5.012979984283447s, fps: 0.1994821449786697
